{"level":"info","message":"salsa: Salsa Saturdays TBA","timestamp":"2014-04-10T04:11:14.923Z"}
{"level":"info","message":"salsa: Salsa Saturdays TBA","timestamp":"2014-04-10T04:11:14.926Z"}
{"level":"info","message":"cubaine: SOIRÉE CUBAINE - “LOS FRIJOLES NEGROS“","timestamp":"2014-04-10T04:11:14.969Z"}
{"level":"info","message":"salsa: Salsa Night at Kola","timestamp":"2014-04-10T04:11:14.973Z"}
{"level":"info","message":"cubaine: STAGE exceptionnelSALSA CUBAINE, BACHATA DOMINICAINE, RETRO LATINO....","timestamp":"2014-04-10T04:11:15.266Z"}
{"level":"info","message":"cubaine: Soirée SALSA CUBAINE BIARRITZ avec DJ PEPINO","timestamp":"2014-04-10T04:11:15.266Z"}
{"level":"info","message":"cubaine: SOIREE SALSA CUBAINE  A RIVER PUB AVEC SALSA PMM","timestamp":"2014-04-10T04:11:15.266Z"}
{"level":"info","message":"cubaine: Salsa Cubaine a Big bamboo le 9 avril 2014","timestamp":"2014-04-10T04:11:15.274Z"}
{"level":"info","message":"kizomba: KizomBar","timestamp":"2014-04-10T04:11:15.277Z"}
{"level":"info","message":"kizomba: KIZOMBA & BACHATA TANZKURS","timestamp":"2014-04-10T04:11:15.565Z"}
{"level":"info","message":"kizomba: KIZOMBA","timestamp":"2014-04-10T04:11:15.579Z"}
{"level":"info","message":"kizomba: Kizomba Lounge Munich","timestamp":"2014-04-10T04:11:15.585Z"}
{"level":"info","message":"kizomba: KIZOMBA SALSA BACHATA & Reggaeton","timestamp":"2014-04-10T04:11:15.591Z"}
{"level":"info","message":"bachata: BACHATA☆LOCA(バチャロカ)","timestamp":"2014-04-10T04:11:15.999Z"}
{"level":"info","message":"bachata: Bachata Basics","timestamp":"2014-04-10T04:11:16.201Z"}
{"level":"info","message":"bachata: BACHATA НАЧИНАЕЩИ М.АПРИЛ@ МАЛАМБО, ВСЕКИ ПЕТЪК 21.00Ч.","timestamp":"2014-04-10T04:11:16.220Z"}
{"level":"info","message":"bachata: BACHATA and nothing else","timestamp":"2014-04-10T04:11:16.220Z"}
{"level":"info","message":"bachata: STAGES DE BACHATA Inter-avancé","timestamp":"2014-04-10T04:11:16.231Z"}
{"level":"info","message":"semba: SEMBA & KIZOMBA NOITE - GALWAY","timestamp":"2014-04-10T04:11:16.310Z"}
{"level":"info","message":"semba: SEMBA & KIZOMBA NOITE  - SATURDAY 12TH APRIL - GALWAY","timestamp":"2014-04-10T04:11:16.508Z"}
{"level":"info","message":"semba: SEMBA DANCE PLYMOUTH","timestamp":"2014-04-10T04:11:16.536Z"}
{"level":"info","message":"semba: SEMBA DANCE PLYMOUTH","timestamp":"2014-04-10T04:11:16.538Z"}
{"level":"info","message":"semba: ****Ki-Semba Party****","timestamp":"2014-04-10T04:11:16.574Z"}
{"level":"info","message":"cubana: Salsa cubana Anděl","timestamp":"2014-04-10T04:11:16.615Z"}
{"level":"info","message":"cubana: Salsa Cubana Beginner Level 1 - LESSON 5","timestamp":"2014-04-10T04:11:16.851Z"}
{"level":"info","message":"cubana: SALSA CUBANA","timestamp":"2014-04-10T04:11:16.874Z"}
{"level":"info","message":"cubana: ★★★NOCHE CUBANA EN SPAZIO BUDNYK★★★","timestamp":"2014-04-10T04:11:16.884Z"}
{"level":"info","message":"cubana: SALSA CUBANA","timestamp":"2014-04-10T04:11:16.894Z"}
{"level":"info","message":"samba: SAMBA WITH HANINAH!","timestamp":"2014-04-10T04:11:16.926Z"}
{"level":"info","message":"samba: Samba de Responsa","timestamp":"2014-04-10T04:11:17.151Z"}
{"level":"info","message":"samba: Sambary Love","timestamp":"2014-04-10T04:11:17.184Z"}
{"level":"info","message":"samba: Samba dos amigos","timestamp":"2014-04-10T04:11:17.213Z"}
{"level":"info","message":"samba: SAMBA ABERTO","timestamp":"2014-04-10T04:11:17.224Z"}
{"level":"info","message":"merengue: Merengue Fever au Club Le Saint","timestamp":"2014-04-10T04:11:17.263Z"}
{"level":"info","message":"merengue: Merengue and Bachata Class","timestamp":"2014-04-10T04:11:17.444Z"}
{"level":"info","message":"merengue: Merengue Boot Camp APRIL!","timestamp":"2014-04-10T04:11:17.518Z"}
{"level":"info","message":"merengue: Merengue Workshop","timestamp":"2014-04-10T04:11:17.527Z"}
{"level":"info","message":"tango: Tango practice.","timestamp":"2014-04-10T04:11:17.561Z"}
{"level":"info","message":"tango: Tango Negro","timestamp":"2014-04-10T04:11:17.767Z"}
{"level":"info","message":"tango: TANGO ARGENTINO 2014","timestamp":"2014-04-10T04:11:17.825Z"}
{"level":"info","message":"merengue: Merengue With Marie Strumolo Burke","timestamp":"2014-04-10T04:11:17.844Z"}
{"level":"info","message":"tango: Tango Salon Seminerleri","timestamp":"2014-04-10T04:11:17.870Z"}
{"level":"info","message":"tango: Tango in Williamsburg, Brooklyn!","timestamp":"2014-04-10T04:11:17.903Z"}
{"level":"info","message":"kizomba: KizomBar","timestamp":"2014-04-10T04:12:22.916Z"}
{"level":"info","message":"kizomba: KIZOMBA SALSA BACHATA & Reggaeton","timestamp":"2014-04-10T04:12:22.919Z"}
{"level":"info","message":"kizomba: KIZOMBA","timestamp":"2014-04-10T04:12:23.045Z"}
{"level":"info","message":"salsa: Salsa con Salsa","timestamp":"2014-04-10T04:12:23.225Z"}
{"level":"info","message":"salsa: Salsaparty","timestamp":"2014-04-10T04:12:23.245Z"}
{"level":"info","message":"salsa: Salsa Saturdays TBA","timestamp":"2014-04-10T04:12:23.274Z"}
{"level":"info","message":"salsa: Salsa Saturdays TBA","timestamp":"2014-04-10T04:12:23.284Z"}
{"level":"info","message":"salsa: Salsa Night at Kola","timestamp":"2014-04-10T04:12:23.410Z"}
{"level":"info","message":"cubaine: SOIRÉE CUBAINE - “LOS FRIJOLES NEGROS“","timestamp":"2014-04-10T04:12:23.539Z"}
{"level":"info","message":"cubaine: Soirée SALSA CUBAINE BIARRITZ avec DJ PEPINO","timestamp":"2014-04-10T04:12:23.547Z"}
{"level":"info","message":"cubaine: SOIREE SALSA CUBAINE  A RIVER PUB AVEC SALSA PMM","timestamp":"2014-04-10T04:12:23.596Z"}
{"level":"info","message":"cubaine: STAGE exceptionnelSALSA CUBAINE, BACHATA DOMINICAINE, RETRO LATINO....","timestamp":"2014-04-10T04:12:23.645Z"}
{"level":"info","message":"cubaine: Salsa Cubaine a Big bamboo le 9 avril 2014","timestamp":"2014-04-10T04:12:23.736Z"}
{"level":"info","message":"bachata: Bachata Basics","timestamp":"2014-04-10T04:12:23.862Z"}
{"level":"info","message":"bachata: BACHATA☆LOCA(バチャロカ)","timestamp":"2014-04-10T04:12:23.896Z"}
{"level":"info","message":"bachata: BACHATA НАЧИНАЕЩИ М.АПРИЛ@ МАЛАМБО, ВСЕКИ ПЕТЪК 21.00Ч.","timestamp":"2014-04-10T04:12:23.918Z"}
{"level":"info","message":"bachata: STAGES DE BACHATA Inter-avancé","timestamp":"2014-04-10T04:12:23.988Z"}
{"level":"info","message":"bachata: BACHATA and nothing else","timestamp":"2014-04-10T04:12:24.055Z"}
{"level":"info","message":"semba: SEMBA & KIZOMBA NOITE - GALWAY","timestamp":"2014-04-10T04:12:24.559Z"}
{"level":"info","message":"semba: SEMBA & KIZOMBA NOITE  - SATURDAY 12TH APRIL - GALWAY","timestamp":"2014-04-10T04:12:24.575Z"}
{"level":"info","message":"semba: ****Ki-Semba Party****","timestamp":"2014-04-10T04:12:24.599Z"}
{"level":"info","message":"semba: SEMBA DANCE PLYMOUTH","timestamp":"2014-04-10T04:12:24.633Z"}
{"level":"info","message":"semba: SEMBA DANCE PLYMOUTH","timestamp":"2014-04-10T04:12:24.728Z"}
{"level":"info","message":"cubana: Salsa cubana Anděl","timestamp":"2014-04-10T04:12:24.864Z"}
{"level":"info","message":"cubana: Salsa Cubana Beginner Level 1 - LESSON 5","timestamp":"2014-04-10T04:12:24.887Z"}
{"level":"info","message":"cubana: ★★★NOCHE CUBANA EN SPAZIO BUDNYK★★★","timestamp":"2014-04-10T04:12:24.917Z"}
{"level":"info","message":"cubana: SALSA CUBANA","timestamp":"2014-04-10T04:12:24.939Z"}
{"level":"info","message":"cubana: SALSA CUBANA","timestamp":"2014-04-10T04:12:25.038Z"}
{"level":"info","message":"merengue: Merengue and Bachata Class","timestamp":"2014-04-10T04:12:25.184Z"}
{"level":"info","message":"merengue: Merengue Fever au Club Le Saint","timestamp":"2014-04-10T04:12:25.193Z"}
{"level":"info","message":"merengue: Merengue With Marie Strumolo Burke","timestamp":"2014-04-10T04:12:25.224Z"}
{"level":"info","message":"merengue: Merengue Boot Camp APRIL!","timestamp":"2014-04-10T04:12:25.247Z"}
{"level":"info","message":"merengue: Merengue Workshop","timestamp":"2014-04-10T04:12:25.334Z"}
{"level":"info","message":"samba: SAMBA WITH HANINAH!","timestamp":"2014-04-10T04:12:25.476Z"}
{"level":"info","message":"samba: Samba de Responsa","timestamp":"2014-04-10T04:12:25.502Z"}
{"level":"info","message":"samba: Sambary Love","timestamp":"2014-04-10T04:12:25.550Z"}
{"level":"info","message":"samba: Samba dos amigos","timestamp":"2014-04-10T04:12:25.561Z"}
{"level":"info","message":"samba: SAMBA ABERTO","timestamp":"2014-04-10T04:12:25.649Z"}
{"level":"info","message":"tango: Tango practice.","timestamp":"2014-04-10T04:12:25.774Z"}
{"level":"info","message":"tango: Tango Negro","timestamp":"2014-04-10T04:12:25.829Z"}
{"level":"info","message":"tango: TANGO ARGENTINO 2014","timestamp":"2014-04-10T04:12:25.882Z"}
{"level":"info","message":"tango: Tango Salon Seminerleri","timestamp":"2014-04-10T04:12:25.915Z"}
{"level":"info","message":"tango: Tango in Williamsburg, Brooklyn!","timestamp":"2014-04-10T04:12:26.001Z"}
